Diagnose log at 2023-03-06T10:46:51Z

AppPath: C:\Program Files\Git\mingw64\bin\git-credential-manager.exe
InstallDir: C:\Program Files\Git\mingw64\bin\
Version: 2.0.886+ea93cb5158

------------
Diagnostic: Environment
Skipped: False
Success: True
Exception: None
Log:
OSType: Windows
OSVersion: 10.0 (build 19044)
Reading environment variables... OK
 Variables:
HOMEPATH=\Users\franz
DriverData=C:\Windows\System32\Drivers\DriverData
COMPUTERNAME=SOPHIESLAPTOP
PKG_CONFIG_SYSTEM_INCLUDE_PATH=C:/Program Files/Git/mingw64/include
CommonProgramFiles(x86)=C:\Program Files (x86)\Common Files
mongosh=C:\Users\franz\Downloads\mongosh-1.8.0-win32-x64\mongosh-1.8.0-win32-x64\bin
OneDrive=C:\Users\franz\OneDrive
ProgramFiles(x86)=C:\Program Files (x86)
CONFIG_SITE=C:/Program Files/Git/etc/config.site
LC_CTYPE=de_DE.UTF-8
USERDOMAIN=SOPHIESLAPTOP
PATHEXT=.COM;.EXE;.BAT;.CMD;.VBS;.VBE;.JS;.JSE;.WSF;.WSH;.MSC
ORIGINAL_TEMP=C:/Users/franz/AppData/Local/Temp
MINGW_PREFIX=C:/Program Files/Git/mingw64
GIT_EXEC_PATH=C:/Program Files/Git/mingw64/libexec/git-core
ACLOCAL_PATH=C:\Program Files\Git\mingw64\share\aclocal;C:\Program Files\Git\usr\share\aclocal
TEMP=C:\Users\franz\AppData\Local\Temp
LOCALAPPDATA=C:\Users\franz\AppData\Local
MANPATH=C:\Program Files\Git\mingw64\local\man;C:\Program Files\Git\mingw64\share\man;C:\Program Files\Git\usr\local\man;C:\Program Files\Git\usr\share\man;C:\Program Files\Git\usr\man;C:\Program Files\Git\share\man
TERM=xterm
PROCESSOR_IDENTIFIER=Intel64 Family 6 Model 158 Stepping 9, GenuineIntel
MSYSTEM_CARCH=x86_64
PROGRAMFILES=C:\Program Files (x86)
ProgramData=C:\ProgramData
TERM_PROGRAM_VERSION=3.6.3
ORIGINAL_TMP=C:/Users/franz/AppData/Local/Temp
PROCESSOR_REVISION=9e09
SYSTEMROOT=C:\WINDOWS
TERM_PROGRAM=mintty
PROCESSOR_LEVEL=6
NUMBER_OF_PROCESSORS=4
SSH_ASKPASS=C:/Program Files/Git/mingw64/bin/git-askpass.exe
SHLVL=1
APPDATA=C:\Users\franz\AppData\Roaming
SYSTEMDRIVE=C:
PSModulePath=C:\WINDOWS\system32\WindowsPowerShell\v1.0\Modules\
PUBLIC=C:\Users\Public
HOSTNAME=SophiesLaptop
PKG_CONFIG_PATH=C:\Program Files\Git\mingw64\lib\pkgconfig;C:\Program Files\Git\mingw64\share\pkgconfig
__PSLockDownPolicy=0
MSYSTEM_CHOST=x86_64-w64-mingw32
WINDIR=C:\WINDOWS
asl.log=Destination=file
PLINK_PROTOCOL=ssh
INFOPATH=C:\Program Files\Git\mingw64\local\info;C:\Program Files\Git\mingw64\share\info;C:\Program Files\Git\usr\local\info;C:\Program Files\Git\usr\share\info;C:\Program Files\Git\usr\info;C:\Program Files\Git\share\info
ProgramW6432=C:\Program Files
PATH=C:/Program Files/Git/mingw64/libexec/git-core;C:\Users\franz\bin;C:\Program Files\Git\mingw64\bin;C:\Program Files\Git\usr\local\bin;C:\Program Files\Git\usr\bin;C:\Program Files\Git\usr\bin;C:\Program Files\Git\mingw64\bin;C:\Program Files\Git\usr\bin;C:\Users\franz\bin;C:\Program Files (x86)\Common Files\Intel\Shared Libraries\redist\intel64\compiler;C:\Program Files (x86)\Intel\iCLS Client;C:\Program Files\Intel\iCLS Client;C:\Windows\system32;C:\Windows;C:\Windows\System32\Wbem;C:\Windows\System32\WindowsPowerShell\v1.0;C:\Program Files\Intel\Intel(R) Management Engine Components\DAL;C:\Program Files\Intel\Intel(R) Management Engine Components\IPT;C:\Program Files (x86)\Intel\Intel(R) Management Engine Components\DAL;C:\Program Files (x86)\Intel\Intel(R) Management Engine Components\IPT;C:\Program Files (x86)\ATI Technologies\ATI.ACE\Core-Static;C:\Program Files\Acer\Remote Files;C:\Program Files (x86)\QuickTime\QTSystem;C:\WINDOWS\system32;C:\WINDOWS;C:\WINDOWS\System32\Wbem;C:\WINDOWS\System32\WindowsPowerShell\v1.0;C:\WINDOWS\System32\OpenSSH;C:\Program Files (x86)\NVIDIA Corporation\PhysX\Common;C:\WINDOWS\system32;C:\WINDOWS;C:\WINDOWS\System32\Wbem;C:\WINDOWS\System32\WindowsPowerShell\v1.0;C:\WINDOWS\System32\OpenSSH;C:\Program Files (x86)\Google;C:\Program Files\nodejs;C:\Program Files\MongoDB\mongosh-1.8.0-win32-x64\bin;C:\Program Files\MongoDB\Server\6.0\bin;C:\Program Files\Git\cmd;C:\Users\franz\AppData\Local\Microsoft\WindowsApps;C:\Program Files\Mozilla Firefox;C:\Users\franz\AppData\Roaming\npm;C:\Users\franz\AppData\Local\Programs\Microsoft VS Code\bin;C:\Program Files\Git\usr\bin\vendor_perl;C:\Program Files\Git\usr\bin\core_perl
MINGW_CHOST=x86_64-w64-mingw32
FP_NO_HOST_CHECK=NO
PKG_CONFIG_SYSTEM_LIBRARY_PATH=C:/Program Files/Git/mingw64/lib
TMPDIR=C:\Users\franz\AppData\Local\Temp
TMP=C:\Users\franz\AppData\Local\Temp
SHELL=C:\Program Files\Git\usr\bin\bash.exe
HOME=C:\Users\franz
COMSPEC=C:\WINDOWS\system32\cmd.exe
LOGONSERVER=\\SOPHIESLAPTOP
USERPROFILE=C:\Users\franz
DISPLAY=needs-to-be-defined
COMMONPROGRAMFILES=C:\Program Files (x86)\Common Files
MSYSTEM=MINGW64
_=C:/Program Files/Git/mingw64/bin/git
USERDOMAIN_ROAMINGPROFILE=SOPHIESLAPTOP
CommonProgramW6432=C:\Program Files\Common Files
HOMEDRIVE=C:
MSYSTEM_PREFIX=C:/Program Files/Git/mingw64
OLDPWD=C:/Users/franz/Documents/Visual Studio Code/React_Projects
MINGW_PACKAGE_PREFIX=mingw-w64-x86_64
SESSIONNAME=Console
PWD=C:/Users/franz/Documents/Visual Studio Code/React_Projects/FullStack_Shop
EXEPATH=C:\Program Files\Git
USERNAME=franz
PROCESSOR_ARCHITEW6432=AMD64
ORIGINAL_PATH=C:\Program Files\Git\mingw64\bin;C:\Program Files\Git\usr\bin;C:\Users\franz\bin;C:\Program Files (x86)\Common Files\Intel\Shared Libraries\redist\intel64\compiler;C:\Program Files (x86)\Intel\iCLS Client;C:\Program Files\Intel\iCLS Client;C:\Windows\system32;C:\Windows;C:\Windows\System32\Wbem;C:\Windows\System32\WindowsPowerShell\v1.0;C:\Program Files\Intel\Intel(R) Management Engine Components\DAL;C:\Program Files\Intel\Intel(R) Management Engine Components\IPT;C:\Program Files (x86)\Intel\Intel(R) Management Engine Components\DAL;C:\Program Files (x86)\Intel\Intel(R) Management Engine Components\IPT;C:\Program Files (x86)\ATI Technologies\ATI.ACE\Core-Static;C:\Program Files\Acer\Remote Files;C:\Program Files (x86)\QuickTime\QTSystem;C:\WINDOWS\system32;C:\WINDOWS;C:\WINDOWS\System32\Wbem;C:\WINDOWS\System32\WindowsPowerShell\v1.0;C:\WINDOWS\System32\OpenSSH;C:\Program Files (x86)\NVIDIA Corporation\PhysX\Common;C:\WINDOWS\system32;C:\WINDOWS;C:\WINDOWS\System32\Wbem;C:\WINDOWS\System32\WindowsPowerShell\v1.0;C:\WINDOWS\System32\OpenSSH;C:\Program Files (x86)\Google;C:\Program Files\nodejs;C:\Program Files\MongoDB\mongosh-1.8.0-win32-x64\bin;C:\Program Files\MongoDB\Server\6.0\bin;C:\Program Files\Git\cmd;C:\Users\franz\AppData\Local\Microsoft\WindowsApps;C:\Program Files\Mozilla Firefox;C:\Users\franz\AppData\Roaming\npm;C:\Users\franz\AppData\Local\Programs\Microsoft VS Code\bin
PROCESSOR_ARCHITECTURE=x86
PS1=\[\033]0;$TITLEPREFIX:$PWD\007\]\n\[\033[32m\]\u@\h \[\033[35m\]$MSYSTEM \[\033[33m\]\w\[\033[36m\]`__git_ps1`\[\033[0m\]\n$ 
OS=Windows_NT
OneDriveConsumer=C:\Users\franz\OneDrive
ALLUSERSPROFILE=C:\ProgramData


------------
Diagnostic: File system
Skipped: False
Success: True
Exception: None
Log:
Temporary directory is 'C:\Users\franz\AppData\Local\Temp\'...
Checking basic file I/O...
Writing to temporary file 'C:\Users\franz\AppData\Local\Temp\a6ed4b5c968f7a207ad821e8'... OK
Reading from temporary file 'C:\Users\franz\AppData\Local\Temp\a6ed4b5c968f7a207ad821e8'... OK
Deleting temporary file 'C:\Users\franz\AppData\Local\Temp\a6ed4b5c968f7a207ad821e8'... OK
Testing IFileSystem instance...
UserHomePath: C:\Users\franz
UserDataDirectoryPath: C:\Users\franz\.gcm
GetCurrentDirectory(): C:\Users\franz\Documents\Visual Studio Code\React_Projects\FullStack_Shop

------------
Diagnostic: Networking
Skipped: False
Success: True
Exception: None
Log:
Checking networking and HTTP stack...
Creating HTTP client... OK
IsNetworkAvailable: True
Sending HEAD request to http://example.com... OK
Sending HEAD request to https://example.com... OK
Acquiring free TCP port... OK
Testing local HTTP loopback connections...
Creating new HTTP listener for http://localhost:64705/... OK
Waiting for loopback connection... OK
Writing response... OK
Waiting for response data... OK
Loopback connection data OK

------------
Diagnostic: Git
Skipped: False
Success: True
Exception: None
Log:
Getting Git version... OK
Git version is '2.39.2.windows.1'
Locating current repository... OK
Git repository at 'C:/Users/franz/Documents/Visual Studio Code/React_Projects/FullStack_Shop/.git'
Listing all Git configuration... OK
Git configuration:
file:C:/Program Files/Git/etc/gitconfig	diff.astextplain.textconv=astextplain
file:C:/Program Files/Git/etc/gitconfig	filter.lfs.clean=git-lfs clean -- %f
file:C:/Program Files/Git/etc/gitconfig	filter.lfs.smudge=git-lfs smudge -- %f
file:C:/Program Files/Git/etc/gitconfig	filter.lfs.process=git-lfs filter-process
file:C:/Program Files/Git/etc/gitconfig	filter.lfs.required=true
file:C:/Program Files/Git/etc/gitconfig	http.sslbackend=openssl
file:C:/Program Files/Git/etc/gitconfig	http.sslcainfo=C:/Program Files/Git/mingw64/ssl/certs/ca-bundle.crt
file:C:/Program Files/Git/etc/gitconfig	core.autocrlf=true
file:C:/Program Files/Git/etc/gitconfig	core.fscache=true
file:C:/Program Files/Git/etc/gitconfig	core.symlinks=false
file:C:/Program Files/Git/etc/gitconfig	pull.rebase=false
file:C:/Program Files/Git/etc/gitconfig	credential.helper=manager
file:C:/Program Files/Git/etc/gitconfig	credential.https://dev.azure.com.usehttppath=true
file:C:/Program Files/Git/etc/gitconfig	init.defaultbranch=master
file:C:/Users/franz/.gitconfig	core.editor="C:\Users\franz\AppData\Local\Programs\Microsoft VS Code\bin\code" --wait
file:C:/Users/franz/.gitconfig	user.name=Franz-SuperCode
file:C:/Users/franz/.gitconfig	user.email=franzsupercode@gmail.com
file:C:/Users/franz/.gitconfig	credential.helper=store
file:C:/Users/franz/.gitconfig	credential.helper=
file:C:/Users/franz/.gitconfig	credential.helper=C:/Program\ Files/Git/mingw64/bin/git-credential-manager.exe
file:.git/config	core.repositoryformatversion=0
file:.git/config	core.filemode=false
file:.git/config	core.bare=false
file:.git/config	core.logallrefupdates=true
file:.git/config	core.symlinks=false
file:.git/config	core.ignorecase=true
file:.git/config	remote.origin.url=https://github.com/Franz-SuperCode/FullStack_Shop.git
file:.git/config	remote.origin.fetch=+refs/heads/*:refs/remotes/origin/*
file:.git/config	branch.main.remote=origin
file:.git/config	branch.main.merge=refs/heads/main


------------
Diagnostic: Credential storage
Skipped: False
Success: True
Exception: None
Log:
ICredentialStore instance is of type: CredentialStore
Writing test credential... OK
Reading test credential... OK
Deleting test credential... OK

------------
Diagnostic: Microsoft authentication (AAD/MSA)
Skipped: False
Success: True
Exception: None
Log:
Broker not supported.
Flow type is: Auto
Gathering MSAL token cache data... OK
CacheDirectory: C:\Users\franz\AppData\Local\.IdentityService
CacheFileName: msal.cache
CacheFilePath: C:\Users\franz\AppData\Local\.IdentityService\msal.cache
Creating cache helper... OK
Verifying MSAL token cache persistence... OK

------------
Diagnostic: GitHub API
Skipped: False
Success: True
Exception: None
Log:
Using 'https://github.com/' as API target.
Querying '/meta' endpoint... OK

